<?xml version="1.0" encoding="UTF-8"?>
<!-- Generated by org.testng.reporters.JUnitXMLReporter -->
<testsuite ignored="0" hostname="ANIRBANs-MacBook-Air.local" failures="1" tests="3" name="Error Validations Test" time="31.075" errors="0" timestamp="2026-02-09T00:34:23 IST">
  <testcase classname="anirbansarkar.tests.ErrorValidationsTest" name="validateError" time="1.177">
    <skipped/>
  </testcase> <!-- validateError -->
  <testcase classname="anirbansarkar.tests.ErrorValidationsTest" name="validateError" time="0.871">
    <failure type="java.lang.AssertionError" message="expected [Incorrect email or password.] but found [Incorrectemail or password.]">
      <![CDATA[java.lang.AssertionError: expected [Incorrect email or password.] but found [Incorrectemail or password.]
at anirbansarkar.tests.ErrorValidationsTest.validateError(ErrorValidationsTest.java:23)
at java.base/java.util.ArrayList.forEach(ArrayList.java:1596)
at java.base/java.util.concurrent.FutureTask.run(FutureTask.java:317)
at java.base/java.util.concurrent.ThreadPoolExecutor.runWorker(ThreadPoolExecutor.java:1144)
at java.base/java.util.concurrent.ThreadPoolExecutor$Worker.run(ThreadPoolExecutor.java:642)
at java.base/java.lang.Thread.run(Thread.java:1583)
... Removed 21 stack frames]]>
    </failure>
  </testcase> <!-- validateError -->
  <testcase classname="anirbansarkar.tests.ErrorValidationsTest" name="validateProductError" time="3.88"/>
</testsuite> <!-- Error Validations Test -->
