<?xml version="1.0" encoding="UTF-8"?>
<!-- Generated by org.testng.reporters.JUnitXMLReporter -->
<testsuite ignored="0" hostname="ANIRBANs-MacBook-Air.local" failures="0" tests="4" name="Submit Order Test" time="43.656" errors="0" timestamp="2026-02-09T00:34:35 IST">
  <testcase classname="anirbansarkar.tests.SubmitOrderTest" name="submitOrder" time="5.634"/>
  <testcase classname="anirbansarkar.tests.SubmitOrderTest" name="submitOrder" time="5.145"/>
  <testcase classname="anirbansarkar.tests.SubmitOrderTest" name="orderHistoryTest" time="1.11"/>
  <testcase classname="anirbansarkar.tests.SubmitOrderTest" name="orderHistoryTest" time="1.035"/>
</testsuite> <!-- Submit Order Test -->
