<?xml version="1.0" encoding="UTF-8"?>
<!-- Generated by org.testng.reporters.JUnitXMLReporter -->
<testsuite ignored="1" hostname="ANIRBANs-MacBook-Air.local" failures="1" tests="2" name="Error Validations Test" time="16.658" errors="0" timestamp="2026-04-02T20:20:18 IST">
  <testcase classname="anirbansarkar.tests.ErrorValidationsTest" name="validateError" time="1.255">
    <skipped/>
  </testcase> <!-- validateError -->
  <testcase classname="anirbansarkar.tests.ErrorValidationsTest" name="validateError" time="1.273">
    <failure type="java.lang.AssertionError" message="expected [Incorrect email or password.] but found [Incorrectemail or password.]">
      <![CDATA[java.lang.AssertionError: expected [Incorrect email or password.] but found [Incorrectemail or password.]
at anirbansarkar.tests.ErrorValidationsTest.validateError(ErrorValidationsTest.java:23)
at java.base/java.util.ArrayList.forEach(ArrayList.java:1604)
at java.base/java.util.concurrent.FutureTask.run(FutureTask.java:328)
at java.base/java.util.concurrent.ThreadPoolExecutor.runWorker(ThreadPoolExecutor.java:1090)
at java.base/java.util.concurrent.ThreadPoolExecutor$Worker.run(ThreadPoolExecutor.java:614)
at java.base/java.lang.Thread.run(Thread.java:1474)
... Removed 21 stack frames]]>
    </failure>
  </testcase> <!-- validateError -->
  <testcase classname="anirbansarkar.tests.ErrorValidationsTest" name="validateProductError" time="0.0">
    <ignored/>
  </testcase> <!-- validateProductError -->
</testsuite> <!-- Error Validations Test -->
