<?xml version="1.0" encoding="UTF-8"?>
<!-- Generated by org.testng.reporters.JUnitReportReporter -->
<testsuite hostname="ANIRBANs-MacBook-Air.local" failures="0" tests="4" name="anirbansarkar.tests.SubmitOrderTest" time="42.952" errors="0" timestamp="2026-02-09T00:34:35 IST" skipped="0">
  <testcase classname="anirbansarkar.tests.SubmitOrderTest" name="orderHistoryTest" time="9.930"/>
  <testcase classname="anirbansarkar.tests.SubmitOrderTest" name="submitOrder" time="13.417"/>
  <testcase classname="anirbansarkar.tests.SubmitOrderTest" name="submitOrder" time="9.850"/>
  <testcase classname="anirbansarkar.tests.SubmitOrderTest" name="orderHistoryTest" time="9.755"/>
</testsuite> <!-- anirbansarkar.tests.SubmitOrderTest -->
