<?xml version="1.0" encoding="UTF-8"?>
<!-- Generated by org.testng.reporters.JUnitReportReporter -->
<testsuite hostname="ANIRBANs-MacBook-Air.local" failures="0" tests="2" name="anirbansarkar.tests.ErrorValidations" time="21.112" errors="0" timestamp="2026-01-21T13:34:41 IST" skipped="0">
  <testcase classname="anirbansarkar.tests.ErrorValidations" name="validateError" time="11.695"/>
  <testcase classname="anirbansarkar.tests.ErrorValidations" name="validateProductError" time="9.417"/>
</testsuite> <!-- anirbansarkar.tests.ErrorValidations -->
