<?xml version="1.0" encoding="UTF-8"?>
<!-- Generated by org.testng.reporters.JUnitReportReporter -->
<testsuite hostname="ANIRBANs-MacBook-Air.local" failures="0" tests="4" name="anirbansarkar.tests.SubmitOrderTest" time="44.525" errors="0" timestamp="2026-04-02T20:18:42 IST" skipped="0">
  <testcase classname="anirbansarkar.tests.SubmitOrderTest" name="submitOrder" time="14.361"/>
  <testcase classname="anirbansarkar.tests.SubmitOrderTest" name="orderHistoryTest" time="10.926"/>
  <testcase classname="anirbansarkar.tests.SubmitOrderTest" name="submitOrder" time="11.746"/>
  <testcase classname="anirbansarkar.tests.SubmitOrderTest" name="orderHistoryTest" time="7.492"/>
</testsuite> <!-- anirbansarkar.tests.SubmitOrderTest -->
